SF:C:\Users\jeff.dayley\dev\sandbox\testcoverage\calculation\Addition.cs
FN:16,System.Decimal calculation.Addition::Calculate()
FNDA:3,System.Decimal calculation.Addition::Calculate()
DA:17,3
DA:18,3
DA:19,3
LF:3
LH:3
BRF:0
BRH:0
FNF:1
FNH:1
end_of_record
SF:C:\Users\jeff.dayley\dev\sandbox\testcoverage\calculation\Division.cs
FN:14,System.Decimal calculation.Division::Calculate()
FNDA:4,System.Decimal calculation.Division::Calculate()
DA:15,4
DA:16,4
DA:17,3
LF:3
LH:3
BRF:0
BRH:0
FNF:1
FNH:1
end_of_record
SF:C:\Users\jeff.dayley\dev\sandbox\testcoverage\calculation\Multiplication.cs
FN:14,System.Decimal calculation.Multiplication::Calculate()
FNDA:3,System.Decimal calculation.Multiplication::Calculate()
DA:15,3
DA:16,3
DA:17,3
LF:3
LH:3
BRF:0
BRH:0
FNF:1
FNH:1
end_of_record
SF:C:\Users\jeff.dayley\dev\sandbox\testcoverage\calculation\Subtraction.cs
FN:14,System.Decimal calculation.Subtraction::Calculate()
FNDA:3,System.Decimal calculation.Subtraction::Calculate()
DA:15,3
DA:16,3
DA:17,3
LF:3
LH:3
BRF:0
BRH:0
FNF:1
FNH:1
end_of_record